xrun(64): 18.03-s012: (c) Copyright 1995-2018 Cadence Design Systems, Inc.
TOOL:	xrun(64)	18.03-s012: Started on Aug 08, 2019 at 08:18:42 -03
xrun
	-64bit
	-uvm
	+incdir+../../rtl/
	./mul8s_pkg.sv
	mul8s_if.sv
	../../rtl/mul8s.v
	./mul8s_wrapper.sv
	top.sv
	+UVM_TESTNAME=simple_test
	-covtest simple_test-100
	-svseed 100
	-defparam top.min_cover=100
	-defparam top.min_transa=5000
	-access +r
	-input shm.tcl
	+uvm_set_config_int=*,recording_detail,1
	-coverage all
	-covoverwrite

   User defined plus("+") options:
	+uvm_set_config_int=*,recording_detail,1

Recompiling... reason: file './mul8s_wrapper.sv' is newer than expected.
	expected: Thu Aug  8 07:59:01 2019
	actual:   Thu Aug  8 08:18:38 2019
Compiling UVM packages (uvm_pkg.sv cdns_uvm_pkg.sv) using uvmhome location /usr/local/cds/XCELIUM1803/tools/methodology/UVM/CDNS-1.1d
file: ./mul8s_pkg.sv
            begin_tr(req, "driver");
                   |
xmvlog: *W,FUNTSK (./mul8s_driver.sv,74|19): function called as a task without void'().
            begin_tr(tr, "mul8s_monitor");
                   |
xmvlog: *W,FUNTSK (./mul8s_monitor.sv,53|19): function called as a task without void'().
        uvm_config_db#(int)::get(this, "", "min_cover", min_cover);
                               |
xmvlog: *W,FUNTSK (./mul8s_cover.sv,24|31): function called as a task without void'().
        uvm_config_db#(int)::get(this, "", "min_transa", min_transa);
                               |
xmvlog: *W,FUNTSK (./mul8s_cover.sv,25|31): function called as a task without void'().
file: ./mul8s_wrapper.sv
	module worklib.mul8s_wrapper:sv
		errors: 0, warnings: 0
file: top.sv
xmvlog: *W,SPDUSD: Include directory ../../rtl/ given but not used.
	Total errors/warnings found outside modules and primitives:
		errors: 0, warnings: 1
		Caching library 'worklib' ....... Done
	Elaborating the design hierarchy:
	Top level design units:
		uvm_pkg
		cdns_uvmapi
		cdns_assert2uvm_pkg
		cdns_uvm_pkg
		mul8s_pkg
		top
xmelab: *W,DSEMEL: This SystemVerilog design will be simulated as per IEEE 1800-2009 SystemVerilog simulation semantics. Use -disable_sem2009 option for turning off SV 2009 simulation semantics.
            dut_vif.valid <= '0;
                        |
xmelab: *E,CUVUNF (./mul8s_driver.sv,36|24): Hierarchical name component lookup failed at 'valid'.
        dut_vif.valid = 1;
                    |
xmelab: *E,CUVUNF (./mul8s_driver.sv,58|20): Hierarchical name component lookup failed at 'valid'.
        while(!dut_vif.ready)
                           |
xmelab: *E,CUVUNF (./mul8s_driver.sv,62|27): Hierarchical name component lookup failed at 'ready'.
        dut_vif.valid = 0;
                    |
xmelab: *E,CUVUNF (./mul8s_driver.sv,67|20): Hierarchical name component lookup failed at 'valid'.
            end while (mul8s_vif.valid === 0 || mul8s_vif.ready === 0);
                                     |
xmelab: *E,CUVUNF (./mul8s_monitor.sv,37|37): Hierarchical name component lookup failed at 'valid'.
            end while (mul8s_vif.valid === 0 || mul8s_vif.ready === 0);
                                                              |
xmelab: *E,CUVUNF (./mul8s_monitor.sv,37|62): Hierarchical name component lookup failed at 'ready'.
    m_imp.write (t);
              |
xmelab: *E,CUVUNF (/usr/local/cds/XCELIUM1803/tools/methodology/UVM/CDNS-1.1d/sv/src/tlm1/uvm_analysis_port.svh,153|14): Hierarchical name component lookup failed at 'write', detected while elaborating:
	'class uvm_pkg::uvm_analysis_imp#(.T(class mul8s_pkg::mul8s_transaction),.IMP(class mul8s_pkg::mul8s_cover))' from './mul8s_cover.sv' line 10.
xrun: *E,ELBERR: Error during elaboration (status 1), exiting.
TOOL:	xrun(64)	18.03-s012: Exiting on Aug 08, 2019 at 08:18:43 -03  (total: 00:00:01)
